[debug] [2018-10-29T18:24:28.109Z] ----------------------------------------------------------------------
[debug] [2018-10-29T18:24:28.111Z] Command:       /Users/wolfgang.schuster/.nvm/versions/node/v10.12.0/bin/node /usr/local/bin/firebase serve
[debug] [2018-10-29T18:24:28.111Z] CLI Version:   6.0.0
[debug] [2018-10-29T18:24:28.111Z] Platform:      darwin
[debug] [2018-10-29T18:24:28.111Z] Node Version:  v10.12.0
[debug] [2018-10-29T18:24:28.112Z] Time:          Mon Oct 29 2018 12:24:28 GMT-0600 (Mountain Daylight Time)
[debug] [2018-10-29T18:24:28.112Z] ----------------------------------------------------------------------
[debug] 
[debug] [2018-10-29T18:24:28.123Z] > command requires scopes: ["email","openid","https://www.googleapis.com/auth/cloudplatformprojects.readonly","https://www.googleapis.com/auth/firebase","https://www.googleapis.com/auth/cloud-platform"]
[debug] [2018-10-29T18:24:28.123Z] > authorizing via signed-in user
[debug] [2018-10-29T18:24:28.123Z] [iam] checking project business-card-26d74 for permissions ["firebase.projects.get"]
[debug] [2018-10-29T18:24:28.125Z] >>> HTTP REQUEST POST https://cloudresourcemanager.googleapis.com/v1/projects/business-card-26d74:testIamPermissions  

[debug] [2018-10-29T18:24:28.359Z] <<< HTTP RESPONSE 200
[debug] [2018-10-29T18:24:28.360Z] >>> HTTP REQUEST GET https://cloudresourcemanager.googleapis.com/v1/projects/business-card-26d74  
 
[debug] [2018-10-29T18:24:28.517Z] <<< HTTP RESPONSE 200
[info] 
[info] === Serving from '/Users/wolfgang.schuster/Experiment/javascript/business-card'...
[info] 
[debug] [2018-10-29T18:24:28.519Z] >>> HTTP REQUEST GET https://mobilesdk-pa.googleapis.com/v1/projects/382863466465/clients/_:getWebAppConfig  
 
[debug] [2018-10-29T18:24:29.027Z] <<< HTTP RESPONSE 200
[info] i  hosting: Serving hosting files from: public
[info] ✔  hosting: Local server: http://localhost:5000
